Started GET "/" for 127.0.0.1 at 2018-06-28 16:05:11 +0800
Processing by Rails::WelcomeController#index as HTML
  Rendering vendor/bundle/gems/railties-5.2.0/lib/rails/templates/rails/welcome/index.html.erb
  Rendered vendor/bundle/gems/railties-5.2.0/lib/rails/templates/rails/welcome/index.html.erb (2.9ms)
Completed 200 OK in 39ms (Views: 30.2ms | ActiveRecord: 0.0ms)


Started GET "/" for ::1 at 2018-06-28 17:21:19 +0800
Processing by Rails::WelcomeController#index as HTML
  Rendering vendor/bundle/gems/railties-5.2.0/lib/rails/templates/rails/welcome/index.html.erb
  Rendered vendor/bundle/gems/railties-5.2.0/lib/rails/templates/rails/welcome/index.html.erb (2.0ms)
Completed 200 OK in 14ms (Views: 5.6ms | ActiveRecord: 0.0ms)


  [1m[35m (0.1ms)[0m  [1m[34mSELECT sqlite_version(*)[0m
  ↳ /Users/cg-r/.rvm/gems/ruby-2.5.1/gems/rake-12.3.1/lib/rake/application.rb:83
  [1m[35m (1.0ms)[0m  [1m[35mCREATE TABLE "schema_migrations" ("version" varchar NOT NULL PRIMARY KEY)[0m
  ↳ /Users/cg-r/.rvm/gems/ruby-2.5.1/gems/rake-12.3.1/lib/rake/application.rb:83
  [1m[35m (1.0ms)[0m  [1m[35mCREATE TABLE "ar_internal_metadata" ("key" varchar NOT NULL PRIMARY KEY, "value" varchar, "created_at" datetime NOT NULL, "updated_at" datetime NOT NULL)[0m
  ↳ /Users/cg-r/.rvm/gems/ruby-2.5.1/gems/rake-12.3.1/lib/rake/application.rb:83
  [1m[35m (0.2ms)[0m  [1m[34mSELECT "schema_migrations"."version" FROM "schema_migrations" ORDER BY "schema_migrations"."version" ASC[0m
  ↳ /Users/cg-r/.rvm/gems/ruby-2.5.1/gems/rake-12.3.1/lib/rake/application.rb:83
Migrating to CreateTodoLists (20180628092223)
  [1m[35m (0.1ms)[0m  [1m[36mbegin transaction[0m
  ↳ /Users/cg-r/.rvm/gems/ruby-2.5.1/gems/rake-12.3.1/lib/rake/application.rb:83
  [1m[35m (0.3ms)[0m  [1m[35mCREATE TABLE "todo_lists" ("id" integer PRIMARY KEY AUTOINCREMENT NOT NULL, "title" varchar, "description" text, "created_at" datetime NOT NULL, "updated_at" datetime NOT NULL)[0m
  ↳ db/migrate/20180628092223_create_todo_lists.rb:3
  [1m[36mActiveRecord::SchemaMigration Create (0.1ms)[0m  [1m[32mINSERT INTO "schema_migrations" ("version") VALUES (?)[0m  [["version", "20180628092223"]]
  ↳ /Users/cg-r/.rvm/gems/ruby-2.5.1/gems/rake-12.3.1/lib/rake/application.rb:83
  [1m[35m (1.1ms)[0m  [1m[36mcommit transaction[0m
  ↳ /Users/cg-r/.rvm/gems/ruby-2.5.1/gems/rake-12.3.1/lib/rake/application.rb:83
  [1m[36mActiveRecord::InternalMetadata Load (0.1ms)[0m  [1m[34mSELECT  "ar_internal_metadata".* FROM "ar_internal_metadata" WHERE "ar_internal_metadata"."key" = ? LIMIT ?[0m  [["key", "environment"], ["LIMIT", 1]]
  ↳ /Users/cg-r/.rvm/gems/ruby-2.5.1/gems/rake-12.3.1/lib/rake/application.rb:83
  [1m[35m (0.0ms)[0m  [1m[36mbegin transaction[0m
  ↳ /Users/cg-r/.rvm/gems/ruby-2.5.1/gems/rake-12.3.1/lib/rake/application.rb:83
  [1m[36mActiveRecord::InternalMetadata Create (0.2ms)[0m  [1m[32mINSERT INTO "ar_internal_metadata" ("key", "value", "created_at", "updated_at") VALUES (?, ?, ?, ?)[0m  [["key", "environment"], ["value", "development"], ["created_at", "2018-06-28 09:22:48.528352"], ["updated_at", "2018-06-28 09:22:48.528352"]]
  ↳ /Users/cg-r/.rvm/gems/ruby-2.5.1/gems/rake-12.3.1/lib/rake/application.rb:83
  [1m[35m (11.0ms)[0m  [1m[36mcommit transaction[0m
  ↳ /Users/cg-r/.rvm/gems/ruby-2.5.1/gems/rake-12.3.1/lib/rake/application.rb:83
  [1m[35m (0.1ms)[0m  [1m[34mSELECT "schema_migrations"."version" FROM "schema_migrations" ORDER BY "schema_migrations"."version" ASC[0m
  ↳ /Users/cg-r/.rvm/gems/ruby-2.5.1/gems/rake-12.3.1/lib/rake/application.rb:83
Started GET "/" for ::1 at 2018-06-28 17:23:05 +0800
  [1m[35m (0.1ms)[0m  [1m[34mSELECT "schema_migrations"."version" FROM "schema_migrations" ORDER BY "schema_migrations"."version" ASC[0m
  ↳ vendor/bundle/gems/activerecord-5.2.0/lib/active_record/log_subscriber.rb:98
Processing by Rails::WelcomeController#index as HTML
  Rendering vendor/bundle/gems/railties-5.2.0/lib/rails/templates/rails/welcome/index.html.erb
  Rendered vendor/bundle/gems/railties-5.2.0/lib/rails/templates/rails/welcome/index.html.erb (1.9ms)
Completed 200 OK in 13ms (Views: 5.2ms | ActiveRecord: 0.0ms)


Started GET "/" for ::1 at 2018-06-28 17:23:13 +0800
Processing by Rails::WelcomeController#index as HTML
  Rendering vendor/bundle/gems/railties-5.2.0/lib/rails/templates/rails/welcome/index.html.erb
  Rendered vendor/bundle/gems/railties-5.2.0/lib/rails/templates/rails/welcome/index.html.erb (1.7ms)
Completed 200 OK in 8ms (Views: 5.0ms | ActiveRecord: 0.0ms)


Started GET "/" for ::1 at 2018-06-28 17:23:14 +0800
Processing by Rails::WelcomeController#index as HTML
  Rendering vendor/bundle/gems/railties-5.2.0/lib/rails/templates/rails/welcome/index.html.erb
  Rendered vendor/bundle/gems/railties-5.2.0/lib/rails/templates/rails/welcome/index.html.erb (2.1ms)
Completed 200 OK in 7ms (Views: 4.8ms | ActiveRecord: 0.0ms)


  [1m[35m (0.1ms)[0m  [1m[34mSELECT "schema_migrations"."version" FROM "schema_migrations" ORDER BY "schema_migrations"."version" ASC[0m
  ↳ /Users/cg-r/.rvm/gems/ruby-2.5.1/gems/rake-12.3.1/lib/rake/application.rb:83
  [1m[36mActiveRecord::InternalMetadata Load (0.1ms)[0m  [1m[34mSELECT  "ar_internal_metadata".* FROM "ar_internal_metadata" WHERE "ar_internal_metadata"."key" = ? LIMIT ?[0m  [["key", "environment"], ["LIMIT", 1]]
  ↳ /Users/cg-r/.rvm/gems/ruby-2.5.1/gems/rake-12.3.1/lib/rake/application.rb:83
  [1m[35m (0.0ms)[0m  [1m[36mbegin transaction[0m
  ↳ /Users/cg-r/.rvm/gems/ruby-2.5.1/gems/rake-12.3.1/lib/rake/application.rb:83
  [1m[35m (0.0ms)[0m  [1m[36mcommit transaction[0m
  ↳ /Users/cg-r/.rvm/gems/ruby-2.5.1/gems/rake-12.3.1/lib/rake/application.rb:83
  [1m[35m (0.0ms)[0m  [1m[34mSELECT "schema_migrations"."version" FROM "schema_migrations" ORDER BY "schema_migrations"."version" ASC[0m
  ↳ /Users/cg-r/.rvm/gems/ruby-2.5.1/gems/rake-12.3.1/lib/rake/application.rb:83
  [1m[35m (0.1ms)[0m  [1m[34mSELECT "schema_migrations"."version" FROM "schema_migrations" ORDER BY "schema_migrations"."version" ASC[0m
  ↳ /Users/cg-r/.rvm/gems/ruby-2.5.1/gems/rake-12.3.1/lib/rake/application.rb:83
  [1m[36mActiveRecord::InternalMetadata Load (0.1ms)[0m  [1m[34mSELECT  "ar_internal_metadata".* FROM "ar_internal_metadata" WHERE "ar_internal_metadata"."key" = ? LIMIT ?[0m  [["key", "environment"], ["LIMIT", 1]]
  ↳ /Users/cg-r/.rvm/gems/ruby-2.5.1/gems/rake-12.3.1/lib/rake/application.rb:83
  [1m[35m (0.0ms)[0m  [1m[36mbegin transaction[0m
  ↳ /Users/cg-r/.rvm/gems/ruby-2.5.1/gems/rake-12.3.1/lib/rake/application.rb:83
  [1m[35m (0.0ms)[0m  [1m[36mcommit transaction[0m
  ↳ /Users/cg-r/.rvm/gems/ruby-2.5.1/gems/rake-12.3.1/lib/rake/application.rb:83
  [1m[35m (0.0ms)[0m  [1m[34mSELECT "schema_migrations"."version" FROM "schema_migrations" ORDER BY "schema_migrations"."version" ASC[0m
  ↳ /Users/cg-r/.rvm/gems/ruby-2.5.1/gems/rake-12.3.1/lib/rake/application.rb:83
Started GET "/" for ::1 at 2018-06-28 17:34:59 +0800
  [1m[35m (0.1ms)[0m  [1m[34mSELECT "schema_migrations"."version" FROM "schema_migrations" ORDER BY "schema_migrations"."version" ASC[0m
  ↳ vendor/bundle/gems/activerecord-5.2.0/lib/active_record/log_subscriber.rb:98
Processing by Rails::WelcomeController#index as HTML
  Rendering vendor/bundle/gems/railties-5.2.0/lib/rails/templates/rails/welcome/index.html.erb
  Rendered vendor/bundle/gems/railties-5.2.0/lib/rails/templates/rails/welcome/index.html.erb (2.1ms)
Completed 200 OK in 22ms (Views: 6.4ms | ActiveRecord: 0.0ms)


Started GET "/tod_list" for ::1 at 2018-06-28 17:35:07 +0800
  
ActionController::RoutingError (No route matches [GET] "/tod_list"):
  
vendor/bundle/gems/actionpack-5.2.0/lib/action_dispatch/middleware/debug_exceptions.rb:65:in `call'
vendor/bundle/gems/web-console-3.6.2/lib/web_console/middleware.rb:135:in `call_app'
vendor/bundle/gems/web-console-3.6.2/lib/web_console/middleware.rb:30:in `block in call'
vendor/bundle/gems/web-console-3.6.2/lib/web_console/middleware.rb:20:in `catch'
vendor/bundle/gems/web-console-3.6.2/lib/web_console/middleware.rb:20:in `call'
vendor/bundle/gems/actionpack-5.2.0/lib/action_dispatch/middleware/show_exceptions.rb:33:in `call'
vendor/bundle/gems/railties-5.2.0/lib/rails/rack/logger.rb:38:in `call_app'
vendor/bundle/gems/railties-5.2.0/lib/rails/rack/logger.rb:26:in `block in call'
vendor/bundle/gems/activesupport-5.2.0/lib/active_support/tagged_logging.rb:71:in `block in tagged'
vendor/bundle/gems/activesupport-5.2.0/lib/active_support/tagged_logging.rb:28:in `tagged'
vendor/bundle/gems/activesupport-5.2.0/lib/active_support/tagged_logging.rb:71:in `tagged'
vendor/bundle/gems/railties-5.2.0/lib/rails/rack/logger.rb:26:in `call'
vendor/bundle/gems/sprockets-rails-3.2.1/lib/sprockets/rails/quiet_assets.rb:13:in `call'
vendor/bundle/gems/actionpack-5.2.0/lib/action_dispatch/middleware/remote_ip.rb:81:in `call'
vendor/bundle/gems/actionpack-5.2.0/lib/action_dispatch/middleware/request_id.rb:27:in `call'
vendor/bundle/gems/rack-2.0.5/lib/rack/method_override.rb:22:in `call'
vendor/bundle/gems/rack-2.0.5/lib/rack/runtime.rb:22:in `call'
vendor/bundle/gems/activesupport-5.2.0/lib/active_support/cache/strategy/local_cache_middleware.rb:29:in `call'
vendor/bundle/gems/actionpack-5.2.0/lib/action_dispatch/middleware/executor.rb:14:in `call'
vendor/bundle/gems/actionpack-5.2.0/lib/action_dispatch/middleware/static.rb:127:in `call'
vendor/bundle/gems/rack-2.0.5/lib/rack/sendfile.rb:111:in `call'
vendor/bundle/gems/railties-5.2.0/lib/rails/engine.rb:524:in `call'
vendor/bundle/gems/puma-3.11.4/lib/puma/configuration.rb:225:in `call'
vendor/bundle/gems/puma-3.11.4/lib/puma/server.rb:632:in `handle_request'
vendor/bundle/gems/puma-3.11.4/lib/puma/server.rb:446:in `process_client'
vendor/bundle/gems/puma-3.11.4/lib/puma/server.rb:306:in `block in run'
vendor/bundle/gems/puma-3.11.4/lib/puma/thread_pool.rb:120:in `block in spawn_thread'
Started GET "/todo_lists/" for ::1 at 2018-06-28 17:35:32 +0800
Processing by TodoListsController#index as HTML
  Rendering todo_lists/index.html.erb within layouts/application
  [1m[36mTodoList Load (0.3ms)[0m  [1m[34mSELECT "todo_lists".* FROM "todo_lists"[0m
  ↳ app/views/todo_lists/index.html.erb:15
  Rendered todo_lists/index.html.erb within layouts/application (2.5ms)
Completed 200 OK in 314ms (Views: 307.9ms | ActiveRecord: 0.8ms)


Started GET "/todo_lists/new" for ::1 at 2018-06-28 17:35:33 +0800
Processing by TodoListsController#new as HTML
  Rendering todo_lists/new.html.erb within layouts/application
  Rendered todo_lists/_form.html.erb (29.7ms)
  Rendered todo_lists/new.html.erb within layouts/application (31.8ms)
Completed 200 OK in 56ms (Views: 49.0ms | ActiveRecord: 0.4ms)


Started POST "/todo_lists" for ::1 at 2018-06-28 17:35:40 +0800
Processing by TodoListsController#create as HTML
  Parameters: {"utf8"=>"✓", "authenticity_token"=>"s3TropkuPILXXe/b9RMOZjNmSvU5mrvPx0ey6dW7bd9X38PMFY+6e8MGexjYTTRHm3yB/n8Gqg5r6OHoGkUeyQ==", "todo_list"=>{"title"=>"asdf", "description"=>""}, "commit"=>"Create Todo list"}
  [1m[35m (0.1ms)[0m  [1m[36mbegin transaction[0m
  ↳ app/controllers/todo_lists_controller.rb:30
  [1m[36mTodoList Create (0.9ms)[0m  [1m[32mINSERT INTO "todo_lists" ("title", "description", "created_at", "updated_at") VALUES (?, ?, ?, ?)[0m  [["title", "asdf"], ["description", ""], ["created_at", "2018-06-28 09:35:40.108403"], ["updated_at", "2018-06-28 09:35:40.108403"]]
  ↳ app/controllers/todo_lists_controller.rb:30
  [1m[35m (215.7ms)[0m  [1m[36mcommit transaction[0m
  ↳ app/controllers/todo_lists_controller.rb:30
Redirected to http://localhost:3001/todo_lists/1
Completed 302 Found in 222ms (ActiveRecord: 216.7ms)


Started GET "/todo_lists/1" for ::1 at 2018-06-28 17:35:40 +0800
Processing by TodoListsController#show as HTML
  Parameters: {"id"=>"1"}
  [1m[36mTodoList Load (0.2ms)[0m  [1m[34mSELECT  "todo_lists".* FROM "todo_lists" WHERE "todo_lists"."id" = ? LIMIT ?[0m  [["id", 1], ["LIMIT", 1]]
  ↳ app/controllers/todo_lists_controller.rb:67
  Rendering todo_lists/show.html.erb within layouts/application
  Rendered todo_lists/show.html.erb within layouts/application (0.8ms)
Completed 200 OK in 21ms (Views: 18.0ms | ActiveRecord: 0.2ms)


Started GET "/todo_lists" for ::1 at 2018-06-28 17:35:42 +0800
Processing by TodoListsController#index as HTML
  Rendering todo_lists/index.html.erb within layouts/application
  [1m[36mTodoList Load (0.2ms)[0m  [1m[34mSELECT "todo_lists".* FROM "todo_lists"[0m
  ↳ app/views/todo_lists/index.html.erb:15
  Rendered todo_lists/index.html.erb within layouts/application (2.3ms)
Completed 200 OK in 20ms (Views: 18.3ms | ActiveRecord: 0.2ms)


Started GET "/todo_lists/1" for ::1 at 2018-06-28 17:37:17 +0800
Processing by TodoListsController#show as HTML
  Parameters: {"id"=>"1"}
  [1m[36mTodoList Load (0.1ms)[0m  [1m[34mSELECT  "todo_lists".* FROM "todo_lists" WHERE "todo_lists"."id" = ? LIMIT ?[0m  [["id", 1], ["LIMIT", 1]]
  ↳ app/controllers/todo_lists_controller.rb:67
  Rendering todo_lists/show.html.erb within layouts/application
  Rendered todo_lists/show.html.erb within layouts/application (0.7ms)
Completed 200 OK in 32ms (Views: 29.9ms | ActiveRecord: 0.1ms)


Started GET "/todo_lists/1" for 127.0.0.1 at 2018-06-28 17:41:03 +0800
  [1m[35m (0.1ms)[0m  [1m[34mSELECT "schema_migrations"."version" FROM "schema_migrations" ORDER BY "schema_migrations"."version" ASC[0m
  ↳ vendor/bundle/gems/activerecord-5.2.0/lib/active_record/log_subscriber.rb:98
Processing by TodoListsController#show as HTML
  Parameters: {"id"=>"1"}
  [1m[36mTodoList Load (0.1ms)[0m  [1m[34mSELECT  "todo_lists".* FROM "todo_lists" WHERE "todo_lists"."id" = ? LIMIT ?[0m  [["id", 1], ["LIMIT", 1]]
  ↳ app/controllers/todo_lists_controller.rb:67
  Rendering todo_lists/show.html.erb within layouts/application
  Rendered todo_lists/show.html.erb within layouts/application (0.9ms)
Completed 200 OK in 165ms (Views: 150.4ms | ActiveRecord: 0.5ms)


Started GET "/todo_lists/1/edit" for 127.0.0.1 at 2018-06-28 17:41:05 +0800
Processing by TodoListsController#edit as HTML
  Parameters: {"id"=>"1"}
  [1m[36mTodoList Load (0.1ms)[0m  [1m[34mSELECT  "todo_lists".* FROM "todo_lists" WHERE "todo_lists"."id" = ? LIMIT ?[0m  [["id", 1], ["LIMIT", 1]]
  ↳ app/controllers/todo_lists_controller.rb:67
  Rendering todo_lists/edit.html.erb within layouts/application
  Rendered todo_lists/_form.html.erb (5.3ms)
  Rendered todo_lists/edit.html.erb within layouts/application (7.3ms)
Completed 200 OK in 23ms (Views: 20.9ms | ActiveRecord: 0.1ms)


Started GET "/todo_lists" for 127.0.0.1 at 2018-06-28 17:41:08 +0800
Processing by TodoListsController#index as HTML
  Rendering todo_lists/index.html.erb within layouts/application
  [1m[36mTodoList Load (0.2ms)[0m  [1m[34mSELECT "todo_lists".* FROM "todo_lists"[0m
  ↳ app/views/todo_lists/index.html.erb:15
  Rendered todo_lists/index.html.erb within layouts/application (2.7ms)
Completed 200 OK in 20ms (Views: 18.1ms | ActiveRecord: 0.2ms)


Started GET "/" for 127.0.0.1 at 2018-06-28 17:41:46 +0800
  [1m[35m (0.1ms)[0m  [1m[34mSELECT "schema_migrations"."version" FROM "schema_migrations" ORDER BY "schema_migrations"."version" ASC[0m
  ↳ vendor/bundle/gems/activerecord-5.2.0/lib/active_record/log_subscriber.rb:98
Processing by TodoListsController#index as HTML
  Rendering todo_lists/index.html.erb within layouts/application
  [1m[36mTodoList Load (0.2ms)[0m  [1m[34mSELECT "todo_lists".* FROM "todo_lists"[0m
  ↳ app/views/todo_lists/index.html.erb:15
  Rendered todo_lists/index.html.erb within layouts/application (15.7ms)
Completed 200 OK in 177ms (Views: 167.9ms | ActiveRecord: 0.6ms)


  [1m[35m (0.1ms)[0m  [1m[34mSELECT "schema_migrations"."version" FROM "schema_migrations" ORDER BY "schema_migrations"."version" ASC[0m
  ↳ /Users/cg-r/.rvm/gems/ruby-2.5.1/gems/rake-12.3.1/lib/rake/application.rb:83
Migrating to CreateTodoItems (20180628094312)
  [1m[35m (0.0ms)[0m  [1m[36mbegin transaction[0m
  ↳ /Users/cg-r/.rvm/gems/ruby-2.5.1/gems/rake-12.3.1/lib/rake/application.rb:83
  [1m[35m (0.1ms)[0m  [1m[34mSELECT sqlite_version(*)[0m
  ↳ db/migrate/20180628094312_create_todo_items.rb:3
  [1m[35m (0.3ms)[0m  [1m[35mCREATE TABLE "todo_items" ("id" integer PRIMARY KEY AUTOINCREMENT NOT NULL, "content" varchar, "todo_list_id" integer, "created_at" datetime NOT NULL, "updated_at" datetime NOT NULL, CONSTRAINT "fk_rails_d913ce1c56"
FOREIGN KEY ("todo_list_id")
  REFERENCES "todo_lists" ("id")
)[0m
  ↳ db/migrate/20180628094312_create_todo_items.rb:3
  [1m[35m (0.1ms)[0m  [1m[35mCREATE  INDEX "index_todo_items_on_todo_list_id" ON "todo_items" ("todo_list_id")[0m
  ↳ db/migrate/20180628094312_create_todo_items.rb:3
  [1m[36mActiveRecord::SchemaMigration Create (0.1ms)[0m  [1m[32mINSERT INTO "schema_migrations" ("version") VALUES (?)[0m  [["version", "20180628094312"]]
  ↳ /Users/cg-r/.rvm/gems/ruby-2.5.1/gems/rake-12.3.1/lib/rake/application.rb:83
  [1m[35m (0.9ms)[0m  [1m[36mcommit transaction[0m
  ↳ /Users/cg-r/.rvm/gems/ruby-2.5.1/gems/rake-12.3.1/lib/rake/application.rb:83
  [1m[36mActiveRecord::InternalMetadata Load (0.1ms)[0m  [1m[34mSELECT  "ar_internal_metadata".* FROM "ar_internal_metadata" WHERE "ar_internal_metadata"."key" = ? LIMIT ?[0m  [["key", "environment"], ["LIMIT", 1]]
  ↳ /Users/cg-r/.rvm/gems/ruby-2.5.1/gems/rake-12.3.1/lib/rake/application.rb:83
  [1m[35m (0.1ms)[0m  [1m[36mbegin transaction[0m
  ↳ /Users/cg-r/.rvm/gems/ruby-2.5.1/gems/rake-12.3.1/lib/rake/application.rb:83
  [1m[35m (0.1ms)[0m  [1m[36mcommit transaction[0m
  ↳ /Users/cg-r/.rvm/gems/ruby-2.5.1/gems/rake-12.3.1/lib/rake/application.rb:83
  [1m[35m (0.1ms)[0m  [1m[34mSELECT "schema_migrations"."version" FROM "schema_migrations" ORDER BY "schema_migrations"."version" ASC[0m
  ↳ /Users/cg-r/.rvm/gems/ruby-2.5.1/gems/rake-12.3.1/lib/rake/application.rb:83
  [1m[35m (0.2ms)[0m  [1m[34mSELECT "schema_migrations"."version" FROM "schema_migrations" ORDER BY "schema_migrations"."version" ASC[0m
  ↳ /Users/cg-r/.rvm/gems/ruby-2.5.1/gems/rake-12.3.1/lib/rake/application.rb:83
  [1m[36mActiveRecord::InternalMetadata Load (0.1ms)[0m  [1m[34mSELECT  "ar_internal_metadata".* FROM "ar_internal_metadata" WHERE "ar_internal_metadata"."key" = ? LIMIT ?[0m  [["key", "environment"], ["LIMIT", 1]]
  ↳ /Users/cg-r/.rvm/gems/ruby-2.5.1/gems/rake-12.3.1/lib/rake/application.rb:83
  [1m[35m (0.0ms)[0m  [1m[36mbegin transaction[0m
  ↳ /Users/cg-r/.rvm/gems/ruby-2.5.1/gems/rake-12.3.1/lib/rake/application.rb:83
  [1m[35m (0.0ms)[0m  [1m[36mcommit transaction[0m
  ↳ /Users/cg-r/.rvm/gems/ruby-2.5.1/gems/rake-12.3.1/lib/rake/application.rb:83
  [1m[35m (0.0ms)[0m  [1m[34mSELECT "schema_migrations"."version" FROM "schema_migrations" ORDER BY "schema_migrations"."version" ASC[0m
  ↳ /Users/cg-r/.rvm/gems/ruby-2.5.1/gems/rake-12.3.1/lib/rake/application.rb:83
  [1m[35m (0.2ms)[0m  [1m[34mSELECT "schema_migrations"."version" FROM "schema_migrations" ORDER BY "schema_migrations"."version" ASC[0m
  ↳ vendor/bundle/ruby/2.5.0/bin/rake:23
  [1m[36mActiveRecord::InternalMetadata Load (0.2ms)[0m  [1m[34mSELECT  "ar_internal_metadata".* FROM "ar_internal_metadata" WHERE "ar_internal_metadata"."key" = ? LIMIT ?[0m  [["key", "environment"], ["LIMIT", 1]]
  ↳ vendor/bundle/ruby/2.5.0/bin/rake:23
  [1m[35m (0.1ms)[0m  [1m[36mbegin transaction[0m
  ↳ vendor/bundle/ruby/2.5.0/bin/rake:23
  [1m[35m (0.1ms)[0m  [1m[36mcommit transaction[0m
  ↳ vendor/bundle/ruby/2.5.0/bin/rake:23
  [1m[35m (0.1ms)[0m  [1m[34mSELECT "schema_migrations"."version" FROM "schema_migrations" ORDER BY "schema_migrations"."version" ASC[0m
  ↳ vendor/bundle/ruby/2.5.0/bin/rake:23
  [1m[35m (0.1ms)[0m  [1m[34mSELECT "schema_migrations"."version" FROM "schema_migrations" ORDER BY "schema_migrations"."version" ASC[0m
  ↳ vendor/bundle/ruby/2.5.0/bin/rake:23
  [1m[36mActiveRecord::InternalMetadata Load (0.1ms)[0m  [1m[34mSELECT  "ar_internal_metadata".* FROM "ar_internal_metadata" WHERE "ar_internal_metadata"."key" = ? LIMIT ?[0m  [["key", "environment"], ["LIMIT", 1]]
  ↳ vendor/bundle/ruby/2.5.0/bin/rake:23
  [1m[35m (0.0ms)[0m  [1m[36mbegin transaction[0m
  ↳ vendor/bundle/ruby/2.5.0/bin/rake:23
  [1m[35m (0.0ms)[0m  [1m[36mcommit transaction[0m
  ↳ vendor/bundle/ruby/2.5.0/bin/rake:23
  [1m[35m (0.0ms)[0m  [1m[34mSELECT "schema_migrations"."version" FROM "schema_migrations" ORDER BY "schema_migrations"."version" ASC[0m
  ↳ vendor/bundle/ruby/2.5.0/bin/rake:23
Started GET "/" for 127.0.0.1 at 2018-06-28 18:52:42 +0800
  [1m[35m (0.1ms)[0m  [1m[34mSELECT "schema_migrations"."version" FROM "schema_migrations" ORDER BY "schema_migrations"."version" ASC[0m
  ↳ vendor/bundle/ruby/2.5.0/gems/activerecord-5.2.0/lib/active_record/log_subscriber.rb:98
Processing by TodoListsController#index as HTML
  Rendering todo_lists/index.html.erb within layouts/application
  [1m[36mTodoList Load (0.2ms)[0m  [1m[34mSELECT "todo_lists".* FROM "todo_lists"[0m
  ↳ app/views/todo_lists/index.html.erb:15
  Rendered todo_lists/index.html.erb within layouts/application (12.5ms)
Completed 200 OK in 247ms (Views: 233.8ms | ActiveRecord: 0.9ms)


Started GET "/todo_lists/1" for 127.0.0.1 at 2018-06-28 18:52:44 +0800
Processing by TodoListsController#show as HTML
  Parameters: {"id"=>"1"}
  [1m[36mTodoList Load (0.2ms)[0m  [1m[34mSELECT  "todo_lists".* FROM "todo_lists" WHERE "todo_lists"."id" = ? LIMIT ?[0m  [["id", 1], ["LIMIT", 1]]
  ↳ app/controllers/todo_lists_controller.rb:67
  Rendering todo_lists/show.html.erb within layouts/application
  Rendered todo_lists/show.html.erb within layouts/application (0.7ms)
Completed 200 OK in 20ms (Views: 15.9ms | ActiveRecord: 0.2ms)


Started GET "/todo_lists" for 127.0.0.1 at 2018-06-28 18:52:45 +0800
Processing by TodoListsController#index as HTML
  Rendering todo_lists/index.html.erb within layouts/application
  [1m[36mTodoList Load (0.1ms)[0m  [1m[34mSELECT "todo_lists".* FROM "todo_lists"[0m
  ↳ app/views/todo_lists/index.html.erb:15
  Rendered todo_lists/index.html.erb within layouts/application (1.4ms)
Completed 200 OK in 20ms (Views: 17.8ms | ActiveRecord: 0.1ms)


Started GET "/todo_lists/1/edit" for 127.0.0.1 at 2018-06-28 18:52:46 +0800
Processing by TodoListsController#edit as HTML
  Parameters: {"id"=>"1"}
  [1m[36mTodoList Load (0.1ms)[0m  [1m[34mSELECT  "todo_lists".* FROM "todo_lists" WHERE "todo_lists"."id" = ? LIMIT ?[0m  [["id", 1], ["LIMIT", 1]]
  ↳ app/controllers/todo_lists_controller.rb:67
  Rendering todo_lists/edit.html.erb within layouts/application
  Rendered todo_lists/_form.html.erb (15.5ms)
  Rendered todo_lists/edit.html.erb within layouts/application (17.4ms)
Completed 200 OK in 37ms (Views: 34.4ms | ActiveRecord: 0.1ms)


Started GET "/todo_lists/1/edit" for 127.0.0.1 at 2018-06-28 19:14:35 +0800
Processing by TodoListsController#edit as HTML
  Parameters: {"id"=>"1"}
  [1m[36mTodoList Load (0.1ms)[0m  [1m[34mSELECT  "todo_lists".* FROM "todo_lists" WHERE "todo_lists"."id" = ? LIMIT ?[0m  [["id", 1], ["LIMIT", 1]]
  ↳ app/controllers/todo_lists_controller.rb:67
  Rendering todo_lists/edit.html.erb within layouts/application
  Rendered todo_lists/_form.html.erb (1.4ms)
  Rendered todo_lists/edit.html.erb within layouts/application (2.9ms)
Completed 200 OK in 19ms (Views: 16.3ms | ActiveRecord: 0.1ms)


